<?xml version="1.0" encoding="UTF-8"?>
<testsuite xmlns:xsi="http://www.w3.org/2001/XMLSchema-instance" xsi:noNamespaceSchemaLocation="https://maven.apache.org/surefire/maven-surefire-plugin/xsd/surefire-test-report.xsd" version="3.0.2" name="gr.hua.dit.ds.grp41.rentalmanagement.RentalmanagementApplicationTests" time="3.178" tests="1" errors="0" skipped="0" failures="0">
  <properties>
    <property name="java.specification.version" value="23"/>
    <property name="sun.jnu.encoding" value="UTF-8"/>
    <property name="java.class.path" value="/Users/paraskevipanagopoulou/Documents/DevopsGiannis/realEstate_backend/target/test-classes:/Users/paraskevipanagopoulou/Documents/DevopsGiannis/realEstate_backend/target/classes:/Users/paraskevipanagopoulou/.m2/repository/org/springframework/boot/spring-boot-starter-thymeleaf/3.4.0/spring-boot-starter-thymeleaf-3.4.0.jar:/Users/paraskevipanagopoulou/.m2/repository/org/springframework/boot/spring-boot-starter/3.4.0/spring-boot-starter-3.4.0.jar:/Users/paraskevipanagopoulou/.m2/repository/org/springframework/boot/spring-boot-starter-logging/3.4.0/spring-boot-starter-logging-3.4.0.jar:/Users/paraskevipanagopoulou/.m2/repository/ch/qos/logback/logback-classic/1.5.12/logback-classic-1.5.12.jar:/Users/paraskevipanagopoulou/.m2/repository/ch/qos/logback/logback-core/1.5.12/logback-core-1.5.12.jar:/Users/paraskevipanagopoulou/.m2/repository/org/apache/logging/log4j/log4j-to-slf4j/2.24.1/log4j-to-slf4j-2.24.1.jar:/Users/paraskevipanagopoulou/.m2/repository/org/apache/logging/log4j/log4j-api/2.24.1/log4j-api-2.24.1.jar:/Users/paraskevipanagopoulou/.m2/repository/org/slf4j/jul-to-slf4j/2.0.16/jul-to-slf4j-2.0.16.jar:/Users/paraskevipanagopoulou/.m2/repository/jakarta/annotation/jakarta.annotation-api/2.1.1/jakarta.annotation-api-2.1.1.jar:/Users/paraskevipanagopoulou/.m2/repository/org/yaml/snakeyaml/2.3/snakeyaml-2.3.jar:/Users/paraskevipanagopoulou/.m2/repository/org/thymeleaf/thymeleaf-spring6/3.1.2.RELEASE/thymeleaf-spring6-3.1.2.RELEASE.jar:/Users/paraskevipanagopoulou/.m2/repository/org/thymeleaf/thymeleaf/3.1.2.RELEASE/thymeleaf-3.1.2.RELEASE.jar:/Users/paraskevipanagopoulou/.m2/repository/org/attoparser/attoparser/2.0.7.RELEASE/attoparser-2.0.7.RELEASE.jar:/Users/paraskevipanagopoulou/.m2/repository/org/unbescape/unbescape/1.1.6.RELEASE/unbescape-1.1.6.RELEASE.jar:/Users/paraskevipanagopoulou/.m2/repository/org/springframework/boot/spring-boot-starter-web/3.4.0/spring-boot-starter-web-3.4.0.jar:/Users/paraskevipanagopoulou/.m2/repository/org/springframework/boot/spring-boot-starter-json/3.4.0/spring-boot-starter-json-3.4.0.jar:/Users/paraskevipanagopoulou/.m2/repository/com/fasterxml/jackson/datatype/jackson-datatype-jdk8/2.18.1/jackson-datatype-jdk8-2.18.1.jar:/Users/paraskevipanagopoulou/.m2/repository/com/fasterxml/jackson/datatype/jackson-datatype-jsr310/2.18.1/jackson-datatype-jsr310-2.18.1.jar:/Users/paraskevipanagopoulou/.m2/repository/com/fasterxml/jackson/module/jackson-module-parameter-names/2.18.1/jackson-module-parameter-names-2.18.1.jar:/Users/paraskevipanagopoulou/.m2/repository/org/springframework/boot/spring-boot-starter-tomcat/3.4.0/spring-boot-starter-tomcat-3.4.0.jar:/Users/paraskevipanagopoulou/.m2/repository/org/apache/tomcat/embed/tomcat-embed-core/10.1.33/tomcat-embed-core-10.1.33.jar:/Users/paraskevipanagopoulou/.m2/repository/org/apache/tomcat/embed/tomcat-embed-websocket/10.1.33/tomcat-embed-websocket-10.1.33.jar:/Users/paraskevipanagopoulou/.m2/repository/org/springframework/spring-web/6.2.0/spring-web-6.2.0.jar:/Users/paraskevipanagopoulou/.m2/repository/org/springframework/spring-beans/6.2.0/spring-beans-6.2.0.jar:/Users/paraskevipanagopoulou/.m2/repository/org/springframework/spring-webmvc/6.2.0/spring-webmvc-6.2.0.jar:/Users/paraskevipanagopoulou/.m2/repository/org/springframework/spring-context/6.2.0/spring-context-6.2.0.jar:/Users/paraskevipanagopoulou/.m2/repository/org/springframework/spring-expression/6.2.0/spring-expression-6.2.0.jar:/Users/paraskevipanagopoulou/.m2/repository/org/springframework/boot/spring-boot-starter-data-jpa/3.4.0/spring-boot-starter-data-jpa-3.4.0.jar:/Users/paraskevipanagopoulou/.m2/repository/org/hibernate/orm/hibernate-core/6.6.2.Final/hibernate-core-6.6.2.Final.jar:/Users/paraskevipanagopoulou/.m2/repository/jakarta/persistence/jakarta.persistence-api/3.1.0/jakarta.persistence-api-3.1.0.jar:/Users/paraskevipanagopoulou/.m2/repository/jakarta/transaction/jakarta.transaction-api/2.0.1/jakarta.transaction-api-2.0.1.jar:/Users/paraskevipanagopoulou/.m2/repository/org/jboss/logging/jboss-logging/3.6.1.Final/jboss-logging-3.6.1.Final.jar:/Users/paraskevipanagopoulou/.m2/repository/org/hibernate/common/hibernate-commons-annotations/7.0.3.Final/hibernate-commons-annotations-7.0.3.Final.jar:/Users/paraskevipanagopoulou/.m2/repository/io/smallrye/jandex/3.2.0/jandex-3.2.0.jar:/Users/paraskevipanagopoulou/.m2/repository/com/fasterxml/classmate/1.7.0/classmate-1.7.0.jar:/Users/paraskevipanagopoulou/.m2/repository/net/bytebuddy/byte-buddy/1.15.10/byte-buddy-1.15.10.jar:/Users/paraskevipanagopoulou/.m2/repository/org/glassfish/jaxb/jaxb-runtime/4.0.5/jaxb-runtime-4.0.5.jar:/Users/paraskevipanagopoulou/.m2/repository/org/glassfish/jaxb/jaxb-core/4.0.5/jaxb-core-4.0.5.jar:/Users/paraskevipanagopoulou/.m2/repository/org/eclipse/angus/angus-activation/2.0.2/angus-activation-2.0.2.jar:/Users/paraskevipanagopoulou/.m2/repository/org/glassfish/jaxb/txw2/4.0.5/txw2-4.0.5.jar:/Users/paraskevipanagopoulou/.m2/repository/com/sun/istack/istack-commons-runtime/4.1.2/istack-commons-runtime-4.1.2.jar:/Users/paraskevipanagopoulou/.m2/repository/jakarta/inject/jakarta.inject-api/2.0.1/jakarta.inject-api-2.0.1.jar:/Users/paraskevipanagopoulou/.m2/repository/org/antlr/antlr4-runtime/4.13.0/antlr4-runtime-4.13.0.jar:/Users/paraskevipanagopoulou/.m2/repository/org/springframework/data/spring-data-jpa/3.4.0/spring-data-jpa-3.4.0.jar:/Users/paraskevipanagopoulou/.m2/repository/org/springframework/data/spring-data-commons/3.4.0/spring-data-commons-3.4.0.jar:/Users/paraskevipanagopoulou/.m2/repository/org/springframework/spring-orm/6.2.0/spring-orm-6.2.0.jar:/Users/paraskevipanagopoulou/.m2/repository/org/springframework/spring-tx/6.2.0/spring-tx-6.2.0.jar:/Users/paraskevipanagopoulou/.m2/repository/org/springframework/spring-aspects/6.2.0/spring-aspects-6.2.0.jar:/Users/paraskevipanagopoulou/.m2/repository/org/aspectj/aspectjweaver/1.9.22.1/aspectjweaver-1.9.22.1.jar:/Users/paraskevipanagopoulou/.m2/repository/org/springframework/boot/spring-boot-starter-security/3.4.0/spring-boot-starter-security-3.4.0.jar:/Users/paraskevipanagopoulou/.m2/repository/org/springframework/spring-aop/6.2.0/spring-aop-6.2.0.jar:/Users/paraskevipanagopoulou/.m2/repository/org/springframework/security/spring-security-config/6.4.1/spring-security-config-6.4.1.jar:/Users/paraskevipanagopoulou/.m2/repository/org/springframework/security/spring-security-core/6.4.1/spring-security-core-6.4.1.jar:/Users/paraskevipanagopoulou/.m2/repository/org/springframework/security/spring-security-crypto/6.4.1/spring-security-crypto-6.4.1.jar:/Users/paraskevipanagopoulou/.m2/repository/org/springframework/security/spring-security-web/6.4.1/spring-security-web-6.4.1.jar:/Users/paraskevipanagopoulou/.m2/repository/org/thymeleaf/extras/thymeleaf-extras-springsecurity6/3.1.2.RELEASE/thymeleaf-extras-springsecurity6-3.1.2.RELEASE.jar:/Users/paraskevipanagopoulou/.m2/repository/org/slf4j/slf4j-api/2.0.16/slf4j-api-2.0.16.jar:/Users/paraskevipanagopoulou/.m2/repository/org/springframework/boot/spring-boot-starter-validation/3.4.0/spring-boot-starter-validation-3.4.0.jar:/Users/paraskevipanagopoulou/.m2/repository/org/apache/tomcat/embed/tomcat-embed-el/10.1.33/tomcat-embed-el-10.1.33.jar:/Users/paraskevipanagopoulou/.m2/repository/org/hibernate/validator/hibernate-validator/8.0.1.Final/hibernate-validator-8.0.1.Final.jar:/Users/paraskevipanagopoulou/.m2/repository/jakarta/validation/jakarta.validation-api/3.0.2/jakarta.validation-api-3.0.2.jar:/Users/paraskevipanagopoulou/.m2/repository/org/springframework/boot/spring-boot-starter-jdbc/3.4.0/spring-boot-starter-jdbc-3.4.0.jar:/Users/paraskevipanagopoulou/.m2/repository/com/zaxxer/HikariCP/5.1.0/HikariCP-5.1.0.jar:/Users/paraskevipanagopoulou/.m2/repository/org/springframework/spring-jdbc/6.2.0/spring-jdbc-6.2.0.jar:/Users/paraskevipanagopoulou/.m2/repository/org/springdoc/springdoc-openapi-starter-webmvc-ui/2.5.0/springdoc-openapi-starter-webmvc-ui-2.5.0.jar:/Users/paraskevipanagopoulou/.m2/repository/org/springdoc/springdoc-openapi-starter-webmvc-api/2.5.0/springdoc-openapi-starter-webmvc-api-2.5.0.jar:/Users/paraskevipanagopoulou/.m2/repository/org/springdoc/springdoc-openapi-starter-common/2.5.0/springdoc-openapi-starter-common-2.5.0.jar:/Users/paraskevipanagopoulou/.m2/repository/io/swagger/core/v3/swagger-core-jakarta/2.2.21/swagger-core-jakarta-2.2.21.jar:/Users/paraskevipanagopoulou/.m2/repository/io/swagger/core/v3/swagger-annotations-jakarta/2.2.21/swagger-annotations-jakarta-2.2.21.jar:/Users/paraskevipanagopoulou/.m2/repository/io/swagger/core/v3/swagger-models-jakarta/2.2.21/swagger-models-jakarta-2.2.21.jar:/Users/paraskevipanagopoulou/.m2/repository/com/fasterxml/jackson/dataformat/jackson-dataformat-yaml/2.18.1/jackson-dataformat-yaml-2.18.1.jar:/Users/paraskevipanagopoulou/.m2/repository/org/webjars/swagger-ui/5.13.0/swagger-ui-5.13.0.jar:/Users/paraskevipanagopoulou/.m2/repository/io/jsonwebtoken/jjwt/0.12.3/jjwt-0.12.3.jar:/Users/paraskevipanagopoulou/.m2/repository/io/jsonwebtoken/jjwt-api/0.12.3/jjwt-api-0.12.3.jar:/Users/paraskevipanagopoulou/.m2/repository/javax/xml/bind/jaxb-api/2.3.1/jaxb-api-2.3.1.jar:/Users/paraskevipanagopoulou/.m2/repository/javax/activation/javax.activation-api/1.2.0/javax.activation-api-1.2.0.jar:/Users/paraskevipanagopoulou/.m2/repository/org/springframework/boot/spring-boot-devtools/3.4.0/spring-boot-devtools-3.4.0.jar:/Users/paraskevipanagopoulou/.m2/repository/org/springframework/boot/spring-boot/3.4.0/spring-boot-3.4.0.jar:/Users/paraskevipanagopoulou/.m2/repository/org/springframework/boot/spring-boot-autoconfigure/3.4.0/spring-boot-autoconfigure-3.4.0.jar:/Users/paraskevipanagopoulou/.m2/repository/org/postgresql/postgresql/42.7.4/postgresql-42.7.4.jar:/Users/paraskevipanagopoulou/.m2/repository/org/checkerframework/checker-qual/3.42.0/checker-qual-3.42.0.jar:/Users/paraskevipanagopoulou/.m2/repository/org/springframework/boot/spring-boot-starter-data-rest/3.4.0/spring-boot-starter-data-rest-3.4.0.jar:/Users/paraskevipanagopoulou/.m2/repository/org/springframework/data/spring-data-rest-webmvc/4.4.0/spring-data-rest-webmvc-4.4.0.jar:/Users/paraskevipanagopoulou/.m2/repository/org/springframework/data/spring-data-rest-core/4.4.0/spring-data-rest-core-4.4.0.jar:/Users/paraskevipanagopoulou/.m2/repository/org/springframework/hateoas/spring-hateoas/2.4.0/spring-hateoas-2.4.0.jar:/Users/paraskevipanagopoulou/.m2/repository/org/springframework/plugin/spring-plugin-core/3.0.0/spring-plugin-core-3.0.0.jar:/Users/paraskevipanagopoulou/.m2/repository/org/atteo/evo-inflector/1.3/evo-inflector-1.3.jar:/Users/paraskevipanagopoulou/.m2/repository/com/fasterxml/jackson/core/jackson-annotations/2.18.1/jackson-annotations-2.18.1.jar:/Users/paraskevipanagopoulou/.m2/repository/com/github/javafaker/javafaker/1.0.2/javafaker-1.0.2.jar:/Users/paraskevipanagopoulou/.m2/repository/org/apache/commons/commons-lang3/3.17.0/commons-lang3-3.17.0.jar:/Users/paraskevipanagopoulou/.m2/repository/org/yaml/snakeyaml/1.23/snakeyaml-1.23-android.jar:/Users/paraskevipanagopoulou/.m2/repository/com/github/mifmif/generex/1.0.2/generex-1.0.2.jar:/Users/paraskevipanagopoulou/.m2/repository/dk/brics/automaton/automaton/1.11-8/automaton-1.11-8.jar:/Users/paraskevipanagopoulou/.m2/repository/org/springframework/boot/spring-boot-starter-test/3.4.0/spring-boot-starter-test-3.4.0.jar:/Users/paraskevipanagopoulou/.m2/repository/org/springframework/boot/spring-boot-test/3.4.0/spring-boot-test-3.4.0.jar:/Users/paraskevipanagopoulou/.m2/repository/org/springframework/boot/spring-boot-test-autoconfigure/3.4.0/spring-boot-test-autoconfigure-3.4.0.jar:/Users/paraskevipanagopoulou/.m2/repository/com/jayway/jsonpath/json-path/2.9.0/json-path-2.9.0.jar:/Users/paraskevipanagopoulou/.m2/repository/jakarta/xml/bind/jakarta.xml.bind-api/4.0.2/jakarta.xml.bind-api-4.0.2.jar:/Users/paraskevipanagopoulou/.m2/repository/jakarta/activation/jakarta.activation-api/2.1.3/jakarta.activation-api-2.1.3.jar:/Users/paraskevipanagopoulou/.m2/repository/net/minidev/json-smart/2.5.1/json-smart-2.5.1.jar:/Users/paraskevipanagopoulou/.m2/repository/net/minidev/accessors-smart/2.5.1/accessors-smart-2.5.1.jar:/Users/paraskevipanagopoulou/.m2/repository/org/ow2/asm/asm/9.6/asm-9.6.jar:/Users/paraskevipanagopoulou/.m2/repository/org/assertj/assertj-core/3.26.3/assertj-core-3.26.3.jar:/Users/paraskevipanagopoulou/.m2/repository/org/awaitility/awaitility/4.2.2/awaitility-4.2.2.jar:/Users/paraskevipanagopoulou/.m2/repository/org/hamcrest/hamcrest/2.2/hamcrest-2.2.jar:/Users/paraskevipanagopoulou/.m2/repository/org/junit/jupiter/junit-jupiter/5.11.3/junit-jupiter-5.11.3.jar:/Users/paraskevipanagopoulou/.m2/repository/org/junit/jupiter/junit-jupiter-api/5.11.3/junit-jupiter-api-5.11.3.jar:/Users/paraskevipanagopoulou/.m2/repository/org/opentest4j/opentest4j/1.3.0/opentest4j-1.3.0.jar:/Users/paraskevipanagopoulou/.m2/repository/org/junit/platform/junit-platform-commons/1.11.3/junit-platform-commons-1.11.3.jar:/Users/paraskevipanagopoulou/.m2/repository/org/apiguardian/apiguardian-api/1.1.2/apiguardian-api-1.1.2.jar:/Users/paraskevipanagopoulou/.m2/repository/org/junit/jupiter/junit-jupiter-params/5.11.3/junit-jupiter-params-5.11.3.jar:/Users/paraskevipanagopoulou/.m2/repository/org/junit/jupiter/junit-jupiter-engine/5.11.3/junit-jupiter-engine-5.11.3.jar:/Users/paraskevipanagopoulou/.m2/repository/org/junit/platform/junit-platform-engine/1.11.3/junit-platform-engine-1.11.3.jar:/Users/paraskevipanagopoulou/.m2/repository/org/mockito/mockito-core/5.14.2/mockito-core-5.14.2.jar:/Users/paraskevipanagopoulou/.m2/repository/net/bytebuddy/byte-buddy-agent/1.15.10/byte-buddy-agent-1.15.10.jar:/Users/paraskevipanagopoulou/.m2/repository/org/objenesis/objenesis/3.3/objenesis-3.3.jar:/Users/paraskevipanagopoulou/.m2/repository/org/mockito/mockito-junit-jupiter/5.14.2/mockito-junit-jupiter-5.14.2.jar:/Users/paraskevipanagopoulou/.m2/repository/org/skyscreamer/jsonassert/1.5.3/jsonassert-1.5.3.jar:/Users/paraskevipanagopoulou/.m2/repository/com/vaadin/external/google/android-json/0.0.20131108.vaadin1/android-json-0.0.20131108.vaadin1.jar:/Users/paraskevipanagopoulou/.m2/repository/org/springframework/spring-core/6.2.0/spring-core-6.2.0.jar:/Users/paraskevipanagopoulou/.m2/repository/org/springframework/spring-jcl/6.2.0/spring-jcl-6.2.0.jar:/Users/paraskevipanagopoulou/.m2/repository/org/springframework/spring-test/6.2.0/spring-test-6.2.0.jar:/Users/paraskevipanagopoulou/.m2/repository/org/xmlunit/xmlunit-core/2.10.0/xmlunit-core-2.10.0.jar:/Users/paraskevipanagopoulou/.m2/repository/org/springframework/boot/spring-boot-starter-actuator/3.4.0/spring-boot-starter-actuator-3.4.0.jar:/Users/paraskevipanagopoulou/.m2/repository/org/springframework/boot/spring-boot-actuator-autoconfigure/3.4.0/spring-boot-actuator-autoconfigure-3.4.0.jar:/Users/paraskevipanagopoulou/.m2/repository/org/springframework/boot/spring-boot-actuator/3.4.0/spring-boot-actuator-3.4.0.jar:/Users/paraskevipanagopoulou/.m2/repository/io/micrometer/micrometer-observation/1.14.1/micrometer-observation-1.14.1.jar:/Users/paraskevipanagopoulou/.m2/repository/io/micrometer/micrometer-commons/1.14.1/micrometer-commons-1.14.1.jar:/Users/paraskevipanagopoulou/.m2/repository/io/micrometer/micrometer-jakarta9/1.14.1/micrometer-jakarta9-1.14.1.jar:/Users/paraskevipanagopoulou/.m2/repository/io/micrometer/micrometer-core/1.14.1/micrometer-core-1.14.1.jar:/Users/paraskevipanagopoulou/.m2/repository/org/hdrhistogram/HdrHistogram/2.2.2/HdrHistogram-2.2.2.jar:/Users/paraskevipanagopoulou/.m2/repository/org/latencyutils/LatencyUtils/2.0.3/LatencyUtils-2.0.3.jar:/Users/paraskevipanagopoulou/.m2/repository/com/h2database/h2/2.3.232/h2-2.3.232.jar:/Users/paraskevipanagopoulou/.m2/repository/io/jsonwebtoken/jjwt-impl/0.12.3/jjwt-impl-0.12.3.jar:/Users/paraskevipanagopoulou/.m2/repository/io/jsonwebtoken/jjwt-jackson/0.12.3/jjwt-jackson-0.12.3.jar:/Users/paraskevipanagopoulou/.m2/repository/com/fasterxml/jackson/core/jackson-databind/2.18.1/jackson-databind-2.18.1.jar:/Users/paraskevipanagopoulou/.m2/repository/com/fasterxml/jackson/core/jackson-core/2.18.1/jackson-core-2.18.1.jar:"/>
    <property name="java.vm.vendor" value="Oracle Corporation"/>
    <property name="sun.arch.data.model" value="64"/>
    <property name="java.vendor.url" value="https://java.oracle.com/"/>
    <property name="user.timezone" value="Europe/Athens"/>
    <property name="org.jboss.logging.provider" value="slf4j"/>
    <property name="os.name" value="Mac OS X"/>
    <property name="java.vm.specification.version" value="23"/>
    <property name="sun.java.launcher" value="SUN_STANDARD"/>
    <property name="user.country" value="GB"/>
    <property name="sun.boot.library.path" value="/Users/paraskevipanagopoulou/Library/Java/JavaVirtualMachines/openjdk-23.0.1/Contents/Home/lib"/>
    <property name="sun.java.command" value="/Users/paraskevipanagopoulou/Documents/DevopsGiannis/realEstate_backend/target/surefire/surefirebooter-20250629155324475_3.jar /Users/paraskevipanagopoulou/Documents/DevopsGiannis/realEstate_backend/target/surefire 2025-06-29T15-53-24_442-jvmRun1 surefire-20250629155324475_1tmp surefire_0-20250629155324475_2tmp"/>
    <property name="http.nonProxyHosts" value="local|*.local|169.254/16|*.169.254/16"/>
    <property name="jdk.debug" value="release"/>
    <property name="surefire.test.class.path" value="/Users/paraskevipanagopoulou/Documents/DevopsGiannis/realEstate_backend/target/test-classes:/Users/paraskevipanagopoulou/Documents/DevopsGiannis/realEstate_backend/target/classes:/Users/paraskevipanagopoulou/.m2/repository/org/springframework/boot/spring-boot-starter-thymeleaf/3.4.0/spring-boot-starter-thymeleaf-3.4.0.jar:/Users/paraskevipanagopoulou/.m2/repository/org/springframework/boot/spring-boot-starter/3.4.0/spring-boot-starter-3.4.0.jar:/Users/paraskevipanagopoulou/.m2/repository/org/springframework/boot/spring-boot-starter-logging/3.4.0/spring-boot-starter-logging-3.4.0.jar:/Users/paraskevipanagopoulou/.m2/repository/ch/qos/logback/logback-classic/1.5.12/logback-classic-1.5.12.jar:/Users/paraskevipanagopoulou/.m2/repository/ch/qos/logback/logback-core/1.5.12/logback-core-1.5.12.jar:/Users/paraskevipanagopoulou/.m2/repository/org/apache/logging/log4j/log4j-to-slf4j/2.24.1/log4j-to-slf4j-2.24.1.jar:/Users/paraskevipanagopoulou/.m2/repository/org/apache/logging/log4j/log4j-api/2.24.1/log4j-api-2.24.1.jar:/Users/paraskevipanagopoulou/.m2/repository/org/slf4j/jul-to-slf4j/2.0.16/jul-to-slf4j-2.0.16.jar:/Users/paraskevipanagopoulou/.m2/repository/jakarta/annotation/jakarta.annotation-api/2.1.1/jakarta.annotation-api-2.1.1.jar:/Users/paraskevipanagopoulou/.m2/repository/org/yaml/snakeyaml/2.3/snakeyaml-2.3.jar:/Users/paraskevipanagopoulou/.m2/repository/org/thymeleaf/thymeleaf-spring6/3.1.2.RELEASE/thymeleaf-spring6-3.1.2.RELEASE.jar:/Users/paraskevipanagopoulou/.m2/repository/org/thymeleaf/thymeleaf/3.1.2.RELEASE/thymeleaf-3.1.2.RELEASE.jar:/Users/paraskevipanagopoulou/.m2/repository/org/attoparser/attoparser/2.0.7.RELEASE/attoparser-2.0.7.RELEASE.jar:/Users/paraskevipanagopoulou/.m2/repository/org/unbescape/unbescape/1.1.6.RELEASE/unbescape-1.1.6.RELEASE.jar:/Users/paraskevipanagopoulou/.m2/repository/org/springframework/boot/spring-boot-starter-web/3.4.0/spring-boot-starter-web-3.4.0.jar:/Users/paraskevipanagopoulou/.m2/repository/org/springframework/boot/spring-boot-starter-json/3.4.0/spring-boot-starter-json-3.4.0.jar:/Users/paraskevipanagopoulou/.m2/repository/com/fasterxml/jackson/datatype/jackson-datatype-jdk8/2.18.1/jackson-datatype-jdk8-2.18.1.jar:/Users/paraskevipanagopoulou/.m2/repository/com/fasterxml/jackson/datatype/jackson-datatype-jsr310/2.18.1/jackson-datatype-jsr310-2.18.1.jar:/Users/paraskevipanagopoulou/.m2/repository/com/fasterxml/jackson/module/jackson-module-parameter-names/2.18.1/jackson-module-parameter-names-2.18.1.jar:/Users/paraskevipanagopoulou/.m2/repository/org/springframework/boot/spring-boot-starter-tomcat/3.4.0/spring-boot-starter-tomcat-3.4.0.jar:/Users/paraskevipanagopoulou/.m2/repository/org/apache/tomcat/embed/tomcat-embed-core/10.1.33/tomcat-embed-core-10.1.33.jar:/Users/paraskevipanagopoulou/.m2/repository/org/apache/tomcat/embed/tomcat-embed-websocket/10.1.33/tomcat-embed-websocket-10.1.33.jar:/Users/paraskevipanagopoulou/.m2/repository/org/springframework/spring-web/6.2.0/spring-web-6.2.0.jar:/Users/paraskevipanagopoulou/.m2/repository/org/springframework/spring-beans/6.2.0/spring-beans-6.2.0.jar:/Users/paraskevipanagopoulou/.m2/repository/org/springframework/spring-webmvc/6.2.0/spring-webmvc-6.2.0.jar:/Users/paraskevipanagopoulou/.m2/repository/org/springframework/spring-context/6.2.0/spring-context-6.2.0.jar:/Users/paraskevipanagopoulou/.m2/repository/org/springframework/spring-expression/6.2.0/spring-expression-6.2.0.jar:/Users/paraskevipanagopoulou/.m2/repository/org/springframework/boot/spring-boot-starter-data-jpa/3.4.0/spring-boot-starter-data-jpa-3.4.0.jar:/Users/paraskevipanagopoulou/.m2/repository/org/hibernate/orm/hibernate-core/6.6.2.Final/hibernate-core-6.6.2.Final.jar:/Users/paraskevipanagopoulou/.m2/repository/jakarta/persistence/jakarta.persistence-api/3.1.0/jakarta.persistence-api-3.1.0.jar:/Users/paraskevipanagopoulou/.m2/repository/jakarta/transaction/jakarta.transaction-api/2.0.1/jakarta.transaction-api-2.0.1.jar:/Users/paraskevipanagopoulou/.m2/repository/org/jboss/logging/jboss-logging/3.6.1.Final/jboss-logging-3.6.1.Final.jar:/Users/paraskevipanagopoulou/.m2/repository/org/hibernate/common/hibernate-commons-annotations/7.0.3.Final/hibernate-commons-annotations-7.0.3.Final.jar:/Users/paraskevipanagopoulou/.m2/repository/io/smallrye/jandex/3.2.0/jandex-3.2.0.jar:/Users/paraskevipanagopoulou/.m2/repository/com/fasterxml/classmate/1.7.0/classmate-1.7.0.jar:/Users/paraskevipanagopoulou/.m2/repository/net/bytebuddy/byte-buddy/1.15.10/byte-buddy-1.15.10.jar:/Users/paraskevipanagopoulou/.m2/repository/org/glassfish/jaxb/jaxb-runtime/4.0.5/jaxb-runtime-4.0.5.jar:/Users/paraskevipanagopoulou/.m2/repository/org/glassfish/jaxb/jaxb-core/4.0.5/jaxb-core-4.0.5.jar:/Users/paraskevipanagopoulou/.m2/repository/org/eclipse/angus/angus-activation/2.0.2/angus-activation-2.0.2.jar:/Users/paraskevipanagopoulou/.m2/repository/org/glassfish/jaxb/txw2/4.0.5/txw2-4.0.5.jar:/Users/paraskevipanagopoulou/.m2/repository/com/sun/istack/istack-commons-runtime/4.1.2/istack-commons-runtime-4.1.2.jar:/Users/paraskevipanagopoulou/.m2/repository/jakarta/inject/jakarta.inject-api/2.0.1/jakarta.inject-api-2.0.1.jar:/Users/paraskevipanagopoulou/.m2/repository/org/antlr/antlr4-runtime/4.13.0/antlr4-runtime-4.13.0.jar:/Users/paraskevipanagopoulou/.m2/repository/org/springframework/data/spring-data-jpa/3.4.0/spring-data-jpa-3.4.0.jar:/Users/paraskevipanagopoulou/.m2/repository/org/springframework/data/spring-data-commons/3.4.0/spring-data-commons-3.4.0.jar:/Users/paraskevipanagopoulou/.m2/repository/org/springframework/spring-orm/6.2.0/spring-orm-6.2.0.jar:/Users/paraskevipanagopoulou/.m2/repository/org/springframework/spring-tx/6.2.0/spring-tx-6.2.0.jar:/Users/paraskevipanagopoulou/.m2/repository/org/springframework/spring-aspects/6.2.0/spring-aspects-6.2.0.jar:/Users/paraskevipanagopoulou/.m2/repository/org/aspectj/aspectjweaver/1.9.22.1/aspectjweaver-1.9.22.1.jar:/Users/paraskevipanagopoulou/.m2/repository/org/springframework/boot/spring-boot-starter-security/3.4.0/spring-boot-starter-security-3.4.0.jar:/Users/paraskevipanagopoulou/.m2/repository/org/springframework/spring-aop/6.2.0/spring-aop-6.2.0.jar:/Users/paraskevipanagopoulou/.m2/repository/org/springframework/security/spring-security-config/6.4.1/spring-security-config-6.4.1.jar:/Users/paraskevipanagopoulou/.m2/repository/org/springframework/security/spring-security-core/6.4.1/spring-security-core-6.4.1.jar:/Users/paraskevipanagopoulou/.m2/repository/org/springframework/security/spring-security-crypto/6.4.1/spring-security-crypto-6.4.1.jar:/Users/paraskevipanagopoulou/.m2/repository/org/springframework/security/spring-security-web/6.4.1/spring-security-web-6.4.1.jar:/Users/paraskevipanagopoulou/.m2/repository/org/thymeleaf/extras/thymeleaf-extras-springsecurity6/3.1.2.RELEASE/thymeleaf-extras-springsecurity6-3.1.2.RELEASE.jar:/Users/paraskevipanagopoulou/.m2/repository/org/slf4j/slf4j-api/2.0.16/slf4j-api-2.0.16.jar:/Users/paraskevipanagopoulou/.m2/repository/org/springframework/boot/spring-boot-starter-validation/3.4.0/spring-boot-starter-validation-3.4.0.jar:/Users/paraskevipanagopoulou/.m2/repository/org/apache/tomcat/embed/tomcat-embed-el/10.1.33/tomcat-embed-el-10.1.33.jar:/Users/paraskevipanagopoulou/.m2/repository/org/hibernate/validator/hibernate-validator/8.0.1.Final/hibernate-validator-8.0.1.Final.jar:/Users/paraskevipanagopoulou/.m2/repository/jakarta/validation/jakarta.validation-api/3.0.2/jakarta.validation-api-3.0.2.jar:/Users/paraskevipanagopoulou/.m2/repository/org/springframework/boot/spring-boot-starter-jdbc/3.4.0/spring-boot-starter-jdbc-3.4.0.jar:/Users/paraskevipanagopoulou/.m2/repository/com/zaxxer/HikariCP/5.1.0/HikariCP-5.1.0.jar:/Users/paraskevipanagopoulou/.m2/repository/org/springframework/spring-jdbc/6.2.0/spring-jdbc-6.2.0.jar:/Users/paraskevipanagopoulou/.m2/repository/org/springdoc/springdoc-openapi-starter-webmvc-ui/2.5.0/springdoc-openapi-starter-webmvc-ui-2.5.0.jar:/Users/paraskevipanagopoulou/.m2/repository/org/springdoc/springdoc-openapi-starter-webmvc-api/2.5.0/springdoc-openapi-starter-webmvc-api-2.5.0.jar:/Users/paraskevipanagopoulou/.m2/repository/org/springdoc/springdoc-openapi-starter-common/2.5.0/springdoc-openapi-starter-common-2.5.0.jar:/Users/paraskevipanagopoulou/.m2/repository/io/swagger/core/v3/swagger-core-jakarta/2.2.21/swagger-core-jakarta-2.2.21.jar:/Users/paraskevipanagopoulou/.m2/repository/io/swagger/core/v3/swagger-annotations-jakarta/2.2.21/swagger-annotations-jakarta-2.2.21.jar:/Users/paraskevipanagopoulou/.m2/repository/io/swagger/core/v3/swagger-models-jakarta/2.2.21/swagger-models-jakarta-2.2.21.jar:/Users/paraskevipanagopoulou/.m2/repository/com/fasterxml/jackson/dataformat/jackson-dataformat-yaml/2.18.1/jackson-dataformat-yaml-2.18.1.jar:/Users/paraskevipanagopoulou/.m2/repository/org/webjars/swagger-ui/5.13.0/swagger-ui-5.13.0.jar:/Users/paraskevipanagopoulou/.m2/repository/io/jsonwebtoken/jjwt/0.12.3/jjwt-0.12.3.jar:/Users/paraskevipanagopoulou/.m2/repository/io/jsonwebtoken/jjwt-api/0.12.3/jjwt-api-0.12.3.jar:/Users/paraskevipanagopoulou/.m2/repository/javax/xml/bind/jaxb-api/2.3.1/jaxb-api-2.3.1.jar:/Users/paraskevipanagopoulou/.m2/repository/javax/activation/javax.activation-api/1.2.0/javax.activation-api-1.2.0.jar:/Users/paraskevipanagopoulou/.m2/repository/org/springframework/boot/spring-boot-devtools/3.4.0/spring-boot-devtools-3.4.0.jar:/Users/paraskevipanagopoulou/.m2/repository/org/springframework/boot/spring-boot/3.4.0/spring-boot-3.4.0.jar:/Users/paraskevipanagopoulou/.m2/repository/org/springframework/boot/spring-boot-autoconfigure/3.4.0/spring-boot-autoconfigure-3.4.0.jar:/Users/paraskevipanagopoulou/.m2/repository/org/postgresql/postgresql/42.7.4/postgresql-42.7.4.jar:/Users/paraskevipanagopoulou/.m2/repository/org/checkerframework/checker-qual/3.42.0/checker-qual-3.42.0.jar:/Users/paraskevipanagopoulou/.m2/repository/org/springframework/boot/spring-boot-starter-data-rest/3.4.0/spring-boot-starter-data-rest-3.4.0.jar:/Users/paraskevipanagopoulou/.m2/repository/org/springframework/data/spring-data-rest-webmvc/4.4.0/spring-data-rest-webmvc-4.4.0.jar:/Users/paraskevipanagopoulou/.m2/repository/org/springframework/data/spring-data-rest-core/4.4.0/spring-data-rest-core-4.4.0.jar:/Users/paraskevipanagopoulou/.m2/repository/org/springframework/hateoas/spring-hateoas/2.4.0/spring-hateoas-2.4.0.jar:/Users/paraskevipanagopoulou/.m2/repository/org/springframework/plugin/spring-plugin-core/3.0.0/spring-plugin-core-3.0.0.jar:/Users/paraskevipanagopoulou/.m2/repository/org/atteo/evo-inflector/1.3/evo-inflector-1.3.jar:/Users/paraskevipanagopoulou/.m2/repository/com/fasterxml/jackson/core/jackson-annotations/2.18.1/jackson-annotations-2.18.1.jar:/Users/paraskevipanagopoulou/.m2/repository/com/github/javafaker/javafaker/1.0.2/javafaker-1.0.2.jar:/Users/paraskevipanagopoulou/.m2/repository/org/apache/commons/commons-lang3/3.17.0/commons-lang3-3.17.0.jar:/Users/paraskevipanagopoulou/.m2/repository/org/yaml/snakeyaml/1.23/snakeyaml-1.23-android.jar:/Users/paraskevipanagopoulou/.m2/repository/com/github/mifmif/generex/1.0.2/generex-1.0.2.jar:/Users/paraskevipanagopoulou/.m2/repository/dk/brics/automaton/automaton/1.11-8/automaton-1.11-8.jar:/Users/paraskevipanagopoulou/.m2/repository/org/springframework/boot/spring-boot-starter-test/3.4.0/spring-boot-starter-test-3.4.0.jar:/Users/paraskevipanagopoulou/.m2/repository/org/springframework/boot/spring-boot-test/3.4.0/spring-boot-test-3.4.0.jar:/Users/paraskevipanagopoulou/.m2/repository/org/springframework/boot/spring-boot-test-autoconfigure/3.4.0/spring-boot-test-autoconfigure-3.4.0.jar:/Users/paraskevipanagopoulou/.m2/repository/com/jayway/jsonpath/json-path/2.9.0/json-path-2.9.0.jar:/Users/paraskevipanagopoulou/.m2/repository/jakarta/xml/bind/jakarta.xml.bind-api/4.0.2/jakarta.xml.bind-api-4.0.2.jar:/Users/paraskevipanagopoulou/.m2/repository/jakarta/activation/jakarta.activation-api/2.1.3/jakarta.activation-api-2.1.3.jar:/Users/paraskevipanagopoulou/.m2/repository/net/minidev/json-smart/2.5.1/json-smart-2.5.1.jar:/Users/paraskevipanagopoulou/.m2/repository/net/minidev/accessors-smart/2.5.1/accessors-smart-2.5.1.jar:/Users/paraskevipanagopoulou/.m2/repository/org/ow2/asm/asm/9.6/asm-9.6.jar:/Users/paraskevipanagopoulou/.m2/repository/org/assertj/assertj-core/3.26.3/assertj-core-3.26.3.jar:/Users/paraskevipanagopoulou/.m2/repository/org/awaitility/awaitility/4.2.2/awaitility-4.2.2.jar:/Users/paraskevipanagopoulou/.m2/repository/org/hamcrest/hamcrest/2.2/hamcrest-2.2.jar:/Users/paraskevipanagopoulou/.m2/repository/org/junit/jupiter/junit-jupiter/5.11.3/junit-jupiter-5.11.3.jar:/Users/paraskevipanagopoulou/.m2/repository/org/junit/jupiter/junit-jupiter-api/5.11.3/junit-jupiter-api-5.11.3.jar:/Users/paraskevipanagopoulou/.m2/repository/org/opentest4j/opentest4j/1.3.0/opentest4j-1.3.0.jar:/Users/paraskevipanagopoulou/.m2/repository/org/junit/platform/junit-platform-commons/1.11.3/junit-platform-commons-1.11.3.jar:/Users/paraskevipanagopoulou/.m2/repository/org/apiguardian/apiguardian-api/1.1.2/apiguardian-api-1.1.2.jar:/Users/paraskevipanagopoulou/.m2/repository/org/junit/jupiter/junit-jupiter-params/5.11.3/junit-jupiter-params-5.11.3.jar:/Users/paraskevipanagopoulou/.m2/repository/org/junit/jupiter/junit-jupiter-engine/5.11.3/junit-jupiter-engine-5.11.3.jar:/Users/paraskevipanagopoulou/.m2/repository/org/junit/platform/junit-platform-engine/1.11.3/junit-platform-engine-1.11.3.jar:/Users/paraskevipanagopoulou/.m2/repository/org/mockito/mockito-core/5.14.2/mockito-core-5.14.2.jar:/Users/paraskevipanagopoulou/.m2/repository/net/bytebuddy/byte-buddy-agent/1.15.10/byte-buddy-agent-1.15.10.jar:/Users/paraskevipanagopoulou/.m2/repository/org/objenesis/objenesis/3.3/objenesis-3.3.jar:/Users/paraskevipanagopoulou/.m2/repository/org/mockito/mockito-junit-jupiter/5.14.2/mockito-junit-jupiter-5.14.2.jar:/Users/paraskevipanagopoulou/.m2/repository/org/skyscreamer/jsonassert/1.5.3/jsonassert-1.5.3.jar:/Users/paraskevipanagopoulou/.m2/repository/com/vaadin/external/google/android-json/0.0.20131108.vaadin1/android-json-0.0.20131108.vaadin1.jar:/Users/paraskevipanagopoulou/.m2/repository/org/springframework/spring-core/6.2.0/spring-core-6.2.0.jar:/Users/paraskevipanagopoulou/.m2/repository/org/springframework/spring-jcl/6.2.0/spring-jcl-6.2.0.jar:/Users/paraskevipanagopoulou/.m2/repository/org/springframework/spring-test/6.2.0/spring-test-6.2.0.jar:/Users/paraskevipanagopoulou/.m2/repository/org/xmlunit/xmlunit-core/2.10.0/xmlunit-core-2.10.0.jar:/Users/paraskevipanagopoulou/.m2/repository/org/springframework/boot/spring-boot-starter-actuator/3.4.0/spring-boot-starter-actuator-3.4.0.jar:/Users/paraskevipanagopoulou/.m2/repository/org/springframework/boot/spring-boot-actuator-autoconfigure/3.4.0/spring-boot-actuator-autoconfigure-3.4.0.jar:/Users/paraskevipanagopoulou/.m2/repository/org/springframework/boot/spring-boot-actuator/3.4.0/spring-boot-actuator-3.4.0.jar:/Users/paraskevipanagopoulou/.m2/repository/io/micrometer/micrometer-observation/1.14.1/micrometer-observation-1.14.1.jar:/Users/paraskevipanagopoulou/.m2/repository/io/micrometer/micrometer-commons/1.14.1/micrometer-commons-1.14.1.jar:/Users/paraskevipanagopoulou/.m2/repository/io/micrometer/micrometer-jakarta9/1.14.1/micrometer-jakarta9-1.14.1.jar:/Users/paraskevipanagopoulou/.m2/repository/io/micrometer/micrometer-core/1.14.1/micrometer-core-1.14.1.jar:/Users/paraskevipanagopoulou/.m2/repository/org/hdrhistogram/HdrHistogram/2.2.2/HdrHistogram-2.2.2.jar:/Users/paraskevipanagopoulou/.m2/repository/org/latencyutils/LatencyUtils/2.0.3/LatencyUtils-2.0.3.jar:/Users/paraskevipanagopoulou/.m2/repository/com/h2database/h2/2.3.232/h2-2.3.232.jar:/Users/paraskevipanagopoulou/.m2/repository/io/jsonwebtoken/jjwt-impl/0.12.3/jjwt-impl-0.12.3.jar:/Users/paraskevipanagopoulou/.m2/repository/io/jsonwebtoken/jjwt-jackson/0.12.3/jjwt-jackson-0.12.3.jar:/Users/paraskevipanagopoulou/.m2/repository/com/fasterxml/jackson/core/jackson-databind/2.18.1/jackson-databind-2.18.1.jar:/Users/paraskevipanagopoulou/.m2/repository/com/fasterxml/jackson/core/jackson-core/2.18.1/jackson-core-2.18.1.jar:"/>
    <property name="sun.cpu.endian" value="little"/>
    <property name="user.home" value="/Users/paraskevipanagopoulou"/>
    <property name="user.language" value="en"/>
    <property name="java.specification.vendor" value="Oracle Corporation"/>
    <property name="java.version.date" value="2024-10-15"/>
    <property name="java.home" value="/Users/paraskevipanagopoulou/Library/Java/JavaVirtualMachines/openjdk-23.0.1/Contents/Home"/>
    <property name="file.separator" value="/"/>
    <property name="basedir" value="/Users/paraskevipanagopoulou/Documents/DevopsGiannis/realEstate_backend"/>
    <property name="java.vm.compressedOopsMode" value="Zero based"/>
    <property name="line.separator" value="&#10;"/>
    <property name="java.vm.specification.vendor" value="Oracle Corporation"/>
    <property name="java.specification.name" value="Java Platform API Specification"/>
    <property name="FILE_LOG_CHARSET" value="UTF-8"/>
    <property name="java.awt.headless" value="true"/>
    <property name="apple.awt.application.name" value="ForkedBooter"/>
    <property name="surefire.real.class.path" value="/Users/paraskevipanagopoulou/Documents/DevopsGiannis/realEstate_backend/target/surefire/surefirebooter-20250629155324475_3.jar"/>
    <property name="sun.management.compiler" value="HotSpot 64-Bit Tiered Compilers"/>
    <property name="ftp.nonProxyHosts" value="local|*.local|169.254/16|*.169.254/16"/>
    <property name="java.runtime.version" value="23.0.1+11-39"/>
    <property name="user.name" value="paraskevipanagopoulou"/>
    <property name="stdout.encoding" value="UTF-8"/>
    <property name="path.separator" value=":"/>
    <property name="os.version" value="15.5"/>
    <property name="java.runtime.name" value="OpenJDK Runtime Environment"/>
    <property name="file.encoding" value="UTF-8"/>
    <property name="java.vm.name" value="OpenJDK 64-Bit Server VM"/>
    <property name="localRepository" value="/Users/paraskevipanagopoulou/.m2/repository"/>
    <property name="java.vendor.url.bug" value="https://bugreport.java.com/bugreport/"/>
    <property name="java.io.tmpdir" value="/var/folders/3d/zcv2ys053y5b73jsdphnf8tm0000gn/T/"/>
    <property name="com.zaxxer.hikari.pool_number" value="1"/>
    <property name="java.version" value="23.0.1"/>
    <property name="user.dir" value="/Users/paraskevipanagopoulou/Documents/DevopsGiannis/realEstate_backend"/>
    <property name="os.arch" value="aarch64"/>
    <property name="java.vm.specification.name" value="Java Virtual Machine Specification"/>
    <property name="PID" value="72011"/>
    <property name="CONSOLE_LOG_CHARSET" value="UTF-8"/>
    <property name="native.encoding" value="UTF-8"/>
    <property name="java.library.path" value="/Users/paraskevipanagopoulou/Library/Java/Extensions:/Library/Java/Extensions:/Network/Library/Java/Extensions:/System/Library/Java/Extensions:/usr/lib/java:."/>
    <property name="java.vm.info" value="mixed mode, sharing"/>
    <property name="stderr.encoding" value="UTF-8"/>
    <property name="java.vendor" value="Oracle Corporation"/>
    <property name="java.vm.version" value="23.0.1+11-39"/>
    <property name="sun.io.unicode.encoding" value="UnicodeBig"/>
    <property name="socksNonProxyHosts" value="local|*.local|169.254/16|*.169.254/16"/>
    <property name="java.class.version" value="67.0"/>
  </properties>
  <testcase name="contextLoads" classname="gr.hua.dit.ds.grp41.rentalmanagement.RentalmanagementApplicationTests" time="0.259">
    <system-out><![CDATA[15:53:24.785 [main] INFO org.springframework.test.context.support.AnnotationConfigContextLoaderUtils -- Could not detect default configuration classes for test class [gr.hua.dit.ds.grp41.rentalmanagement.RentalmanagementApplicationTests]: RentalmanagementApplicationTests does not declare any static, non-private, non-final, nested classes annotated with @Configuration.
15:53:24.832 [main] INFO org.springframework.boot.test.context.SpringBootTestContextBootstrapper -- Found @SpringBootConfiguration gr.hua.dit.ds.grp41.rentalmanagement.RentalmanagementApplication for test class gr.hua.dit.ds.grp41.rentalmanagement.RentalmanagementApplicationTests
15:53:24.878 [main] INFO org.springframework.boot.devtools.restart.RestartApplicationListener -- Restart disabled due to context in which it is running

  .   ____          _            __ _ _
 /\\ / ___'_ __ _ _(_)_ __  __ _ \ \ \ \
( ( )\___ | '_ | '_| | '_ \/ _` | \ \ \ \
 \\/  ___)| |_)| | | | | || (_| |  ) ) ) )
  '  |____| .__|_| |_|_| |_\__, | / / / /
 =========|_|==============|___/=/_/_/_/

 :: Spring Boot ::                (v3.4.0)

2025-06-29T15:53:24.963+03:00  INFO 72011 --- [           main] d.d.g.r.RentalmanagementApplicationTests : Starting RentalmanagementApplicationTests using Java 23.0.1 with PID 72011 (started by paraskevipanagopoulou in /Users/paraskevipanagopoulou/Documents/DevopsGiannis/realEstate_backend)
2025-06-29T15:53:24.963+03:00  INFO 72011 --- [           main] d.d.g.r.RentalmanagementApplicationTests : No active profile set, falling back to 1 default profile: "default"
2025-06-29T15:53:25.362+03:00  INFO 72011 --- [           main] .s.d.r.c.RepositoryConfigurationDelegate : Bootstrapping Spring Data JPA repositories in DEFAULT mode.
2025-06-29T15:53:25.387+03:00  INFO 72011 --- [           main] .s.d.r.c.RepositoryConfigurationDelegate : Finished Spring Data repository scanning in 21 ms. Found 6 JPA repository interfaces.
2025-06-29T15:53:25.668+03:00  INFO 72011 --- [           main] o.hibernate.jpa.internal.util.LogHelper  : HHH000204: Processing PersistenceUnitInfo [name: default]
2025-06-29T15:53:25.684+03:00  INFO 72011 --- [           main] org.hibernate.Version                    : HHH000412: Hibernate ORM core version 6.6.2.Final
2025-06-29T15:53:25.694+03:00  INFO 72011 --- [           main] o.h.c.internal.RegionFactoryInitiator    : HHH000026: Second-level cache disabled
2025-06-29T15:53:25.788+03:00  INFO 72011 --- [           main] o.s.o.j.p.SpringPersistenceUnitInfo      : No LoadTimeWeaver setup: ignoring JPA class transformer
2025-06-29T15:53:25.797+03:00  INFO 72011 --- [           main] com.zaxxer.hikari.HikariDataSource       : HikariPool-1 - Starting...
2025-06-29T15:53:25.868+03:00  INFO 72011 --- [           main] com.zaxxer.hikari.pool.HikariPool        : HikariPool-1 - Added connection conn0: url=jdbc:h2:mem:test user=DBUSER
2025-06-29T15:53:25.869+03:00  INFO 72011 --- [           main] com.zaxxer.hikari.HikariDataSource       : HikariPool-1 - Start completed.
2025-06-29T15:53:25.877+03:00  WARN 72011 --- [           main] org.hibernate.orm.deprecation            : HHH90000025: H2Dialect does not need to be specified explicitly using 'hibernate.dialect' (remove the property setting and it will be selected by default)
2025-06-29T15:53:25.885+03:00  INFO 72011 --- [           main] org.hibernate.orm.connections.pooling    : HHH10001005: Database info:
	Database JDBC URL [Connecting through datasource 'HikariDataSource (HikariPool-1)']
	Database driver: undefined/unknown
	Database version: 2.3.232
	Autocommit mode: undefined/unknown
	Isolation level: undefined/unknown
	Minimum pool size: undefined/unknown
	Maximum pool size: undefined/unknown
2025-06-29T15:53:26.241+03:00  INFO 72011 --- [           main] o.h.e.t.j.p.i.JtaPlatformInitiator       : HHH000489: No JTA platform available (set 'hibernate.transaction.jta.platform' to enable JTA platform integration)
Hibernate: 
    create table owner (
        id integer generated by default as identity,
        email varchar(255),
        first_name varchar(255),
        last_name varchar(255),
        phone_number varchar(255),
        user_id integer,
        primary key (id)
    )
Hibernate: 
    create table owner_property (
        owner_id integer not null,
        property_id integer not null
    )
Hibernate: 
    create table property (
        id integer generated by default as identity,
        bath_num integer,
        bed_num integer,
        built_year integer,
        city varchar(255),
        hasac boolean,
        has_balcony boolean,
        has_garden boolean,
        has_heating boolean,
        has_parking boolean,
        is_approved boolean,
        is_furnished boolean,
        pets_allowed boolean,
        price bigint,
        renovation_year integer,
        room_num integer,
        size integer,
        street varchar(255),
        street_num integer,
        owner_id integer,
        tenant_id integer,
        primary key (id)
    )
Hibernate: 
    create table request (
        id integer generated by default as identity,
        is_rental_request boolean,
        is_viewing_approved boolean,
        owner_id integer,
        property_id integer,
        tenant_id integer,
        primary key (id)
    )
Hibernate: 
    create table roles (
        id integer generated by default as identity,
        name varchar(20),
        primary key (id)
    )
Hibernate: 
    create table tenant (
        id integer generated by default as identity,
        email varchar(255),
        first_name varchar(255),
        last_name varchar(255),
        user_id integer,
        primary key (id)
    )
Hibernate: 
    create table user_roles (
        user_id integer not null,
        role_id integer not null,
        primary key (user_id, role_id)
    )
Hibernate: 
    create table users (
        id integer generated by default as identity,
        email varchar(255),
        is_approved boolean,
        password varchar(255),
        username varchar(255),
        primary key (id)
    )
Hibernate: 
    alter table if exists owner 
       drop constraint if exists UK8nrpb1o74o0ol4ejcymyffplg
Hibernate: 
    alter table if exists owner 
       add constraint UK8nrpb1o74o0ol4ejcymyffplg unique (user_id)
Hibernate: 
    alter table if exists owner_property 
       drop constraint if exists UKtev2q1gvjhm6584k9y45xbiuj
Hibernate: 
    alter table if exists owner_property 
       add constraint UKtev2q1gvjhm6584k9y45xbiuj unique (owner_id, property_id)
Hibernate: 
    alter table if exists owner_property 
       drop constraint if exists UKb9vjptyl20qkns6yagvp3adbj
Hibernate: 
    alter table if exists owner_property 
       add constraint UKb9vjptyl20qkns6yagvp3adbj unique (property_id)
Hibernate: 
    alter table if exists tenant 
       drop constraint if exists UKimjhq4hbs88b71ne778ht8wvy
Hibernate: 
    alter table if exists tenant 
       add constraint UKimjhq4hbs88b71ne778ht8wvy unique (user_id)
Hibernate: 
    alter table if exists users 
       drop constraint if exists UKr43af9ap4edm43mmtq01oddj6
Hibernate: 
    alter table if exists users 
       add constraint UKr43af9ap4edm43mmtq01oddj6 unique (username)
Hibernate: 
    alter table if exists users 
       drop constraint if exists UK6dotkott2kjsp8vw4d0m25fb7
Hibernate: 
    alter table if exists users 
       add constraint UK6dotkott2kjsp8vw4d0m25fb7 unique (email)
Hibernate: 
    alter table if exists owner 
       add constraint FKsk80mgxau4fje7xby9j990rb 
       foreign key (user_id) 
       references users
Hibernate: 
    alter table if exists owner_property 
       add constraint FKamlqk7xje7slt2oj30ecxkir5 
       foreign key (property_id) 
       references property
Hibernate: 
    alter table if exists owner_property 
       add constraint FKtna8wmv8j3ty1t3iapy3hew0p 
       foreign key (owner_id) 
       references owner
Hibernate: 
    alter table if exists property 
       add constraint FKj2cohq7sjhdetbls088cupcu3 
       foreign key (owner_id) 
       references owner
Hibernate: 
    alter table if exists property 
       add constraint FKmgtkws7pk1ya447gyseyysnnj 
       foreign key (tenant_id) 
       references tenant
Hibernate: 
    alter table if exists request 
       add constraint FK9vk3rkinx5nx12b3wdvsunx3x 
       foreign key (owner_id) 
       references owner
Hibernate: 
    alter table if exists request 
       add constraint FKckkthesv1bn2kopwq4wrw3xiw 
       foreign key (property_id) 
       references property
Hibernate: 
    alter table if exists request 
       add constraint FK9nbxjvp7a75eqok71995w4inf 
       foreign key (tenant_id) 
       references tenant
Hibernate: 
    alter table if exists tenant 
       add constraint FKf6mtynlkmjtjrgg5rf2kjwcqi 
       foreign key (user_id) 
       references users
Hibernate: 
    alter table if exists user_roles 
       add constraint FKh8ciramu9cc9q3qcqiv4ue8a6 
       foreign key (role_id) 
       references roles
Hibernate: 
    alter table if exists user_roles 
       add constraint FKhfh9dx7w3ubf1co1vdev94g3f 
       foreign key (user_id) 
       references users
2025-06-29T15:53:26.278+03:00  INFO 72011 --- [           main] j.LocalContainerEntityManagerFactoryBean : Initialized JPA EntityManagerFactory for persistence unit 'default'
2025-06-29T15:53:26.548+03:00  INFO 72011 --- [           main] r$InitializeUserDetailsManagerConfigurer : Global AuthenticationManager configured with UserDetailsService bean with name userDetailsServiceImpl
Hibernate: 
    select
        r1_0.id,
        r1_0.name 
    from
        roles r1_0 
    where
        r1_0.name=?
Hibernate: 
    insert 
    into
        roles
        (name, id) 
    values
        (?, default)
Hibernate: 
    select
        r1_0.id,
        r1_0.name 
    from
        roles r1_0 
    where
        r1_0.name=?
Hibernate: 
    insert 
    into
        roles
        (name, id) 
    values
        (?, default)
Hibernate: 
    select
        r1_0.id,
        r1_0.name 
    from
        roles r1_0 
    where
        r1_0.name=?
Hibernate: 
    insert 
    into
        roles
        (name, id) 
    values
        (?, default)
Hibernate: 
    select
        u1_0.id 
    from
        users u1_0 
    where
        u1_0.username=? 
    fetch
        first ? rows only
Hibernate: 
    select
        r1_0.id,
        r1_0.name 
    from
        roles r1_0 
    where
        r1_0.name=?
Hibernate: 
    insert 
    into
        users
        (email, is_approved, password, username, id) 
    values
        (?, ?, ?, ?, default)
Hibernate: 
    insert 
    into
        user_roles
        (user_id, role_id) 
    values
        (?, ?)
Hibernate: 
    select
        u1_0.id 
    from
        users u1_0 
    where
        u1_0.username=? 
    fetch
        first ? rows only
Hibernate: 
    select
        r1_0.id,
        r1_0.name 
    from
        roles r1_0 
    where
        r1_0.name=?
Hibernate: 
    insert 
    into
        users
        (email, is_approved, password, username, id) 
    values
        (?, ?, ?, ?, default)
Hibernate: 
    insert 
    into
        user_roles
        (user_id, role_id) 
    values
        (?, ?)
Hibernate: 
    insert 
    into
        tenant
        (email, first_name, last_name, user_id, id) 
    values
        (?, ?, ?, ?, default)
Hibernate: 
    select
        u1_0.id 
    from
        users u1_0 
    where
        u1_0.username=? 
    fetch
        first ? rows only
Hibernate: 
    select
        r1_0.id,
        r1_0.name 
    from
        roles r1_0 
    where
        r1_0.name=?
Hibernate: 
    insert 
    into
        users
        (email, is_approved, password, username, id) 
    values
        (?, ?, ?, ?, default)
Hibernate: 
    insert 
    into
        user_roles
        (user_id, role_id) 
    values
        (?, ?)
Hibernate: 
    insert 
    into
        owner
        (email, first_name, last_name, phone_number, user_id, id) 
    values
        (?, ?, ?, ?, ?, default)
2025-06-29T15:53:26.921+03:00  WARN 72011 --- [           main] JpaBaseConfiguration$JpaWebConfiguration : spring.jpa.open-in-view is enabled by default. Therefore, database queries may be performed during view rendering. Explicitly configure spring.jpa.open-in-view to disable this warning
2025-06-29T15:53:27.020+03:00  INFO 72011 --- [           main] .i.s.PathMatchingResourcePatternResolver : Skipping search for files matching pattern [**/*.class]: directory [/Users/paraskevipanagopoulou/Documents/DevopsGiannis/realEstate_backend/target/test-classes/gr/hua/dit/ds/grp41/rentalmanagement/entities] does not exist
2025-06-29T15:53:27.226+03:00  INFO 72011 --- [           main] o.s.b.a.e.web.EndpointLinksResolver      : Exposing 1 endpoint beneath base path '/actuator'
2025-06-29T15:53:27.392+03:00  WARN 72011 --- [           main] ion$DefaultTemplateResolverConfiguration : Cannot find template location: classpath:/templates/ (please add some templates, check your Thymeleaf configuration, or set spring.thymeleaf.check-template-location=false)
2025-06-29T15:53:27.564+03:00  INFO 72011 --- [           main] o.s.b.t.m.w.SpringBootMockServletContext : Initializing Spring TestDispatcherServlet ''
2025-06-29T15:53:27.565+03:00  INFO 72011 --- [           main] o.s.t.web.servlet.TestDispatcherServlet  : Initializing Servlet ''
2025-06-29T15:53:27.565+03:00  INFO 72011 --- [           main] o.s.t.web.servlet.TestDispatcherServlet  : Completed initialization in 0 ms
2025-06-29T15:53:27.595+03:00  INFO 72011 --- [           main] d.d.g.r.RentalmanagementApplicationTests : Started RentalmanagementApplicationTests in 2.721 seconds (process running for 3.087)
]]></system-out>
    <system-err><![CDATA[Mockito is currently self-attaching to enable the inline-mock-maker. This will no longer work in future releases of the JDK. Please add Mockito as an agent to your build what is described in Mockito's documentation: https://javadoc.io/doc/org.mockito/mockito-core/latest/org/mockito/Mockito.html#0.3
WARNING: A Java agent has been loaded dynamically (/Users/paraskevipanagopoulou/.m2/repository/net/bytebuddy/byte-buddy-agent/1.15.10/byte-buddy-agent-1.15.10.jar)
WARNING: If a serviceability tool is in use, please run with -XX:+EnableDynamicAgentLoading to hide this warning
WARNING: If a serviceability tool is not in use, please run with -Djdk.instrument.traceUsage for more information
WARNING: Dynamic loading of agents will be disallowed by default in a future release
]]></system-err>
  </testcase>
</testsuite>